2018-03-14 17:12:51,254 - Log4JLogChute initialized using file 'velocity.log'
2018-03-14 17:12:51,254 - Initializing Velocity, Calling init()...
2018-03-14 17:12:51,254 - Starting Apache Velocity v1.7 (compiled: 2010-11-19 12:14:37)
2018-03-14 17:12:51,254 - Default Properties File: org/apache/velocity/runtime/defaults/velocity.properties
2018-03-14 17:12:51,254 - Trying to use logger class org.apache.velocity.runtime.log.AvalonLogChute
2018-03-14 17:12:51,254 - Target log system for org.apache.velocity.runtime.log.AvalonLogChute is not available (java.lang.NoClassDefFoundError: org/apache/log/format/Formatter).  Falling back to next log system...
2018-03-14 17:12:51,254 - Trying to use logger class org.apache.velocity.runtime.log.Log4JLogChute
2018-03-14 17:12:51,254 - Using logger class org.apache.velocity.runtime.log.Log4JLogChute
2018-03-14 17:12:51,259 - ResourceLoader instantiated: org.apache.velocity.runtime.resource.loader.FileResourceLoader
2018-03-14 17:12:51,260 - Do unicode file recognition:  false
2018-03-14 17:12:51,260 - FileResourceLoader : adding path '.'
2018-03-14 17:12:51,261 - ResourceLoader instantiated: org.apache.velocity.runtime.resource.loader.ClasspathResourceLoader
2018-03-14 17:12:51,269 - ResourceCache: initialized (class org.apache.velocity.runtime.resource.ResourceCacheImpl) with class java.util.Collections$SynchronizedMap cache map.
2018-03-14 17:12:51,270 - Loaded System Directive: org.apache.velocity.runtime.directive.Stop
2018-03-14 17:12:51,271 - Loaded System Directive: org.apache.velocity.runtime.directive.Define
2018-03-14 17:12:51,271 - Loaded System Directive: org.apache.velocity.runtime.directive.Break
2018-03-14 17:12:51,272 - Loaded System Directive: org.apache.velocity.runtime.directive.Evaluate
2018-03-14 17:12:51,272 - Loaded System Directive: org.apache.velocity.runtime.directive.Literal
2018-03-14 17:12:51,273 - Loaded System Directive: org.apache.velocity.runtime.directive.Macro
2018-03-14 17:12:51,274 - Loaded System Directive: org.apache.velocity.runtime.directive.Parse
2018-03-14 17:12:51,275 - Loaded System Directive: org.apache.velocity.runtime.directive.Include
2018-03-14 17:12:51,275 - Loaded System Directive: org.apache.velocity.runtime.directive.Foreach
2018-03-14 17:12:51,295 - Created '20' parsers.
2018-03-14 17:12:51,298 - Velocimacro : "velocimacro.library" is not set.  Trying default library: VM_global_library.vm
2018-03-14 17:12:51,299 - Could not load resource 'VM_global_library.vm' from ResourceLoader org.apache.velocity.runtime.resource.loader.ClasspathResourceLoader: ClasspathResourceLoader Error: cannot find resource VM_global_library.vm
2018-03-14 17:12:51,299 - Velocimacro : Default library not found.
2018-03-14 17:12:51,299 - Velocimacro : allowInline = true : VMs can be defined inline in templates
2018-03-14 17:12:51,299 - Velocimacro : allowInlineToOverride = false : VMs defined inline may NOT replace previous VM definitions
2018-03-14 17:12:51,299 - Velocimacro : allowInlineLocal = false : VMs defined inline will be global in scope if allowed.
2018-03-14 17:12:51,299 - Velocimacro : autoload off : VM system will not automatically reload global library macros
2018-03-14 17:12:51,302 - Log4JLogChute initialized using file 'velocity.log'
2018-03-14 17:12:51,302 - Log4JLogChute initialized using file 'velocity.log'
2018-03-14 17:12:51,302 - Initializing Velocity, Calling init()...
2018-03-14 17:12:51,302 - Initializing Velocity, Calling init()...
2018-03-14 17:12:51,302 - Starting Apache Velocity v1.7 (compiled: 2010-11-19 12:14:37)
2018-03-14 17:12:51,302 - Starting Apache Velocity v1.7 (compiled: 2010-11-19 12:14:37)
2018-03-14 17:12:51,302 - Default Properties File: org/apache/velocity/runtime/defaults/velocity.properties
2018-03-14 17:12:51,302 - Default Properties File: org/apache/velocity/runtime/defaults/velocity.properties
2018-03-14 17:12:51,302 - Trying to use logger class org.apache.velocity.runtime.log.AvalonLogChute
2018-03-14 17:12:51,302 - Trying to use logger class org.apache.velocity.runtime.log.AvalonLogChute
2018-03-14 17:12:51,302 - Target log system for org.apache.velocity.runtime.log.AvalonLogChute is not available (java.lang.NoClassDefFoundError: org/apache/log/format/Formatter).  Falling back to next log system...
2018-03-14 17:12:51,302 - Target log system for org.apache.velocity.runtime.log.AvalonLogChute is not available (java.lang.NoClassDefFoundError: org/apache/log/format/Formatter).  Falling back to next log system...
2018-03-14 17:12:51,302 - Trying to use logger class org.apache.velocity.runtime.log.Log4JLogChute
2018-03-14 17:12:51,302 - Trying to use logger class org.apache.velocity.runtime.log.Log4JLogChute
2018-03-14 17:12:51,302 - Using logger class org.apache.velocity.runtime.log.Log4JLogChute
2018-03-14 17:12:51,302 - Using logger class org.apache.velocity.runtime.log.Log4JLogChute
2018-03-14 17:12:51,303 - ResourceLoader instantiated: org.apache.velocity.runtime.resource.loader.FileResourceLoader
2018-03-14 17:12:51,303 - ResourceLoader instantiated: org.apache.velocity.runtime.resource.loader.FileResourceLoader
2018-03-14 17:12:51,303 - Do unicode file recognition:  false
2018-03-14 17:12:51,303 - Do unicode file recognition:  false
2018-03-14 17:12:51,303 - FileResourceLoader : adding path '.'
2018-03-14 17:12:51,303 - FileResourceLoader : adding path '.'
2018-03-14 17:12:51,303 - ResourceLoader instantiated: org.apache.velocity.runtime.resource.loader.ClasspathResourceLoader
2018-03-14 17:12:51,303 - ResourceLoader instantiated: org.apache.velocity.runtime.resource.loader.ClasspathResourceLoader
2018-03-14 17:12:51,303 - ResourceCache: initialized (class org.apache.velocity.runtime.resource.ResourceCacheImpl) with class java.util.Collections$SynchronizedMap cache map.
2018-03-14 17:12:51,303 - ResourceCache: initialized (class org.apache.velocity.runtime.resource.ResourceCacheImpl) with class java.util.Collections$SynchronizedMap cache map.
2018-03-14 17:12:51,303 - Loaded System Directive: org.apache.velocity.runtime.directive.Stop
2018-03-14 17:12:51,303 - Loaded System Directive: org.apache.velocity.runtime.directive.Stop
2018-03-14 17:12:51,303 - Loaded System Directive: org.apache.velocity.runtime.directive.Define
2018-03-14 17:12:51,303 - Loaded System Directive: org.apache.velocity.runtime.directive.Define
2018-03-14 17:12:51,303 - Loaded System Directive: org.apache.velocity.runtime.directive.Break
2018-03-14 17:12:51,303 - Loaded System Directive: org.apache.velocity.runtime.directive.Break
2018-03-14 17:12:51,303 - Loaded System Directive: org.apache.velocity.runtime.directive.Evaluate
2018-03-14 17:12:51,303 - Loaded System Directive: org.apache.velocity.runtime.directive.Evaluate
2018-03-14 17:12:51,303 - Loaded System Directive: org.apache.velocity.runtime.directive.Literal
2018-03-14 17:12:51,303 - Loaded System Directive: org.apache.velocity.runtime.directive.Literal
2018-03-14 17:12:51,303 - Loaded System Directive: org.apache.velocity.runtime.directive.Macro
2018-03-14 17:12:51,303 - Loaded System Directive: org.apache.velocity.runtime.directive.Macro
2018-03-14 17:12:51,303 - Loaded System Directive: org.apache.velocity.runtime.directive.Parse
2018-03-14 17:12:51,303 - Loaded System Directive: org.apache.velocity.runtime.directive.Parse
2018-03-14 17:12:51,303 - Loaded System Directive: org.apache.velocity.runtime.directive.Include
2018-03-14 17:12:51,303 - Loaded System Directive: org.apache.velocity.runtime.directive.Include
2018-03-14 17:12:51,304 - Loaded System Directive: org.apache.velocity.runtime.directive.Foreach
2018-03-14 17:12:51,304 - Loaded System Directive: org.apache.velocity.runtime.directive.Foreach
2018-03-14 17:12:51,310 - Created '20' parsers.
2018-03-14 17:12:51,310 - Created '20' parsers.
2018-03-14 17:12:51,310 - Velocimacro : "velocimacro.library" is not set.  Trying default library: VM_global_library.vm
2018-03-14 17:12:51,310 - Velocimacro : "velocimacro.library" is not set.  Trying default library: VM_global_library.vm
2018-03-14 17:12:51,310 - Could not load resource 'VM_global_library.vm' from ResourceLoader org.apache.velocity.runtime.resource.loader.ClasspathResourceLoader: ClasspathResourceLoader Error: cannot find resource VM_global_library.vm
2018-03-14 17:12:51,310 - Could not load resource 'VM_global_library.vm' from ResourceLoader org.apache.velocity.runtime.resource.loader.ClasspathResourceLoader: ClasspathResourceLoader Error: cannot find resource VM_global_library.vm
2018-03-14 17:12:51,310 - Velocimacro : Default library not found.
2018-03-14 17:12:51,310 - Velocimacro : Default library not found.
2018-03-14 17:12:51,310 - Velocimacro : allowInline = true : VMs can be defined inline in templates
2018-03-14 17:12:51,310 - Velocimacro : allowInline = true : VMs can be defined inline in templates
2018-03-14 17:12:51,310 - Velocimacro : allowInlineToOverride = false : VMs defined inline may NOT replace previous VM definitions
2018-03-14 17:12:51,310 - Velocimacro : allowInlineToOverride = false : VMs defined inline may NOT replace previous VM definitions
2018-03-14 17:12:51,310 - Velocimacro : allowInlineLocal = false : VMs defined inline will be global in scope if allowed.
2018-03-14 17:12:51,310 - Velocimacro : allowInlineLocal = false : VMs defined inline will be global in scope if allowed.
2018-03-14 17:12:51,310 - Velocimacro : autoload off : VM system will not automatically reload global library macros
2018-03-14 17:12:51,310 - Velocimacro : autoload off : VM system will not automatically reload global library macros
